<?xml version="1.0" encoding="UTF-8"?>
<!-- Generated by org.testng.reporters.JUnitReportReporter -->
<testsuite skipped="0" hostname="DESKTOP-FIEMPM2" name="com.MavenHybridTwo.TestCases.TC_Login_01" tests="1" failures="0" timestamp="23 Jan 2021 04:42:38 GMT" time="3.694" errors="0">
  <testcase name="loginTest" time="3.694" classname="com.MavenHybridTwo.TestCases.TC_Login_01"/>
</testsuite> <!-- com.MavenHybridTwo.TestCases.TC_Login_01 -->
